#
# A fatal error has been detected by the Java Runtime Environment:
#
#  Internal Error (javaClasses.cpp:129), pid=3220, tid=8052
#  fatal error: Invalid layout of preloaded class
#
# JRE version: 7.0_21-b11
# Java VM: Java HotSpot(TM) 64-Bit Server VM (23.21-b01 mixed mode windows-amd64 compressed oops)
# Failed to write core dump. Minidumps are not enabled by default on client versions of Windows
#
# If you would like to submit a bug report, please visit:
#   http://bugreport.sun.com/bugreport/crash.jsp
#

---------------  T H R E A D  ---------------

Current thread (0x000000000273e000):  JavaThread "Unknown thread" [_thread_in_vm, id=8052, stack(0x0000000002560000,0x0000000002660000)]

Stack: [0x0000000002560000,0x0000000002660000]

---------------  P R O C E S S  ---------------

Java Threads: ( => current thread )

Other Threads:

=>0x000000000273e000 (exited) JavaThread "Unknown thread" [_thread_in_vm, id=8052, stack(0x0000000002560000,0x0000000002660000)]

VM state:not at safepoint (not fully initialized)

VM Mutex/Monitor currently owned by a thread: None

GC Heap History (0 events):
No events

Deoptimization events (0 events):
No events

Internal exceptions (0 events):
No events

Events (10 events):
Event: 0.007 loading class 0x0000000002793680 done
Event: 0.007 loading class 0x0000000002754470 done
Event: 0.007 loading class 0x0000000002754770
Event: 0.007 loading class 0x000000000b77fc20
Event: 0.007 loading class 0x000000000b77fc20 done
Event: 0.007 loading class 0x000000000b77ff20
Event: 0.007 loading class 0x000000000b77ff20 done
Event: 0.007 loading class 0x000000000b77ebc0
Event: 0.007 loading class 0x000000000b77ebc0 done
Event: 0.008 loading class 0x0000000002754770 done


Dynamic libraries:
0x000007f604610000 - 0x000007f604643000 	C:\Program Files\Java\jre7\bin\javaw.exe
0x000007f9500f0000 - 0x000007f9502b0000 	C:\Windows\SYSTEM32\ntdll.dll
0x000007f94f0e0000 - 0x000007f94f216000 	C:\Windows\system32\KERNEL32.DLL
0x000007f94d2f0000 - 0x000007f94d3e3000 	C:\Windows\system32\KERNELBASE.dll
0x000007f94fd70000 - 0x000007f94fe4e000 	C:\Windows\system32\ADVAPI32.dll
0x000007f94fb60000 - 0x000007f94fcac000 	C:\Windows\system32\USER32.dll
0x000007f94a4a0000 - 0x000007f94a70a000 	C:\Windows\WinSxS\amd64_microsoft.windows.common-controls_6595b64144ccf1df_6.0.9200.16579_none_418ab7ef718b27ef\COMCTL32.dll
0x000007f94f430000 - 0x000007f94f4d5000 	C:\Windows\system32\msvcrt.dll
0x000007f94fb10000 - 0x000007f94fb58000 	C:\Windows\SYSTEM32\sechost.dll
0x000007f94f2f0000 - 0x000007f94f430000 	C:\Windows\system32\RPCRT4.dll
0x000007f94eda0000 - 0x000007f94eee1000 	C:\Windows\system32\GDI32.dll
0x000007f94d560000 - 0x000007f94d599000 	C:\Windows\system32\IMM32.DLL
0x000007f94ec80000 - 0x000007f94ed95000 	C:\Windows\system32\MSCTF.dll
0x000000006c6e0000 - 0x000000006c7b1000 	C:\Program Files\Java\jre7\bin\msvcr100.dll
0x000000006bfb0000 - 0x000000006c6d1000 	C:\Program Files\Java\jre7\bin\server\jvm.dll
0x000007f94b550000 - 0x000007f94b559000 	C:\Windows\SYSTEM32\WSOCK32.dll
0x000007f946870000 - 0x000007f946890000 	C:\Windows\SYSTEM32\WINMM.dll
0x000007f94d4f0000 - 0x000007f94d4f7000 	C:\Windows\system32\PSAPI.DLL
0x000007f94d500000 - 0x000007f94d558000 	C:\Windows\system32\WS2_32.dll
0x000007f946740000 - 0x000007f946772000 	C:\Windows\SYSTEM32\WINMMBASE.dll
0x000007f9500e0000 - 0x000007f9500e9000 	C:\Windows\system32\NSI.dll
0x000000006bfa0000 - 0x000000006bfaf000 	C:\Program Files\Java\jre7\bin\verify.dll
0x000000006bf70000 - 0x000000006bf98000 	C:\Program Files\Java\jre7\bin\java.dll
0x000000006bf50000 - 0x000000006bf65000 	C:\Program Files\Java\jre7\bin\zip.dll

VM Arguments:
jvm_args: -Dfile.encoding=Cp1252 -Xbootclasspath:C:\Users\ali.muzaffar\Development\adt-bundle-windows-x86_64-20130219\sdk\platforms\android-17\android.jar 
java_command: com.alimuzaffar.sunalarm.util.PrayTime
Launcher Type: SUN_STANDARD

Environment Variables:
JAVA_HOME=C:\Program Files\Java\jdk1.7.0_21
PATH=C:\Windows\system32;C:\Windows;C:\Windows\System32\Wbem;C:\Windows\System32\WindowsPowerShell\v1.0\;C:\Program Files\Condusiv Technologies\IntelliMemory\;C:\Program Files\Java\jdk1.7.0_21\bin;C:\Users\ali.muzaffar\Development\adt-bundle-windows-x86_64-20130219\sdk\platform-tools;C:\Users\ali.muzaffar\Development\adt-bundle-windows-x86_64-20130219\sdk\tools;C:\Program Files (x86)\ATI Technologies\ATI.ACE\Core-Static;C:\Program Files\Intel\WiFi\bin\;C:\Program Files\Common Files\Intel\WirelessCommon\;C:\Program Files\Microsoft\Web Platform Installer\;C:\Program Files (x86)\Microsoft ASP.NET\ASP.NET Web Pages\v1.0\;C:\Program Files\Microsoft SQL Server\110\Tools\Binn\;C:\Program Files\Intel\WiFi\bin\;C:\Program Files\Common Files\Intel\WirelessCommon\
USERNAME=ali.muzaffar
OS=Windows_NT
PROCESSOR_IDENTIFIER=Intel64 Family 6 Model 58 Stepping 9, GenuineIntel



---------------  S Y S T E M  ---------------

OS: Windows 8 , 64 bit Build 9200 

CPU:total 8 (4 cores per cpu, 2 threads per core) family 6 model 58 stepping 9, cmov, cx8, fxsr, mmx, sse, sse2, sse3, ssse3, sse4.1, sse4.2, popcnt, avx, ht, tsc, tscinvbit, tscinv

Memory: 4k page, physical 8082972k(4467568k free), swap 9328160k(4968480k free)

vm_info: Java HotSpot(TM) 64-Bit Server VM (23.21-b01) for windows-amd64 JRE (1.7.0_21-b11), built on Apr  4 2013 08:11:28 by "java_re" with unknown MS VC++:1600

time: Wed Jul 10 03:07:48 2013
elapsed time: 0 seconds

